<?xml version="1.0" encoding="UTF-8"?>
<testng-results total="2" passed="2" failed="0" skipped="0">
  <reporter-output>
  </reporter-output>
  <suite started-at="2022-03-03T18:19:29Z" name="Default suite" finished-at="2022-03-03T18:19:55Z" duration-ms="25251">
    <groups>
      <group name="firefox">
        <method signature="GamertagSearch.testGameList()[pri:0, instance:xboxtestcases.GamertagSearch@7241a47d]" name="testGameList" class="xboxtestcases.GamertagSearch"/>
        <method signature="LeaderboardTest.testLeaderBoardPage()[pri:0, instance:xboxtestcases.LeaderboardTest@2445445a]" name="testLeaderBoardPage" class="xboxtestcases.LeaderboardTest"/>
      </group> <!-- firefox -->
      <group name="ChromeWin32">
        <method signature="GamertagSearch.testGameList()[pri:0, instance:xboxtestcases.GamertagSearch@7241a47d]" name="testGameList" class="xboxtestcases.GamertagSearch"/>
        <method signature="LeaderboardTest.testLeaderBoardPage()[pri:0, instance:xboxtestcases.LeaderboardTest@2445445a]" name="testLeaderBoardPage" class="xboxtestcases.LeaderboardTest"/>
      </group> <!-- ChromeWin32 -->
      <group name="IEWin32">
        <method signature="GamertagSearch.testGameList()[pri:0, instance:xboxtestcases.GamertagSearch@7241a47d]" name="testGameList" class="xboxtestcases.GamertagSearch"/>
        <method signature="LeaderboardTest.testLeaderBoardPage()[pri:0, instance:xboxtestcases.LeaderboardTest@2445445a]" name="testLeaderBoardPage" class="xboxtestcases.LeaderboardTest"/>
      </group> <!-- IEWin32 -->
    </groups>
    <test started-at="2022-03-03T18:19:29Z" name="Default test" finished-at="2022-03-03T18:19:55Z" duration-ms="25251">
      <class name="xboxtestcases.GamertagSearch">
        <test-method is-config="true" signature="setUpBrowser(java.lang.String, java.lang.String, java.lang.String, java.lang.String)[pri:0, instance:xboxtestcases.GamertagSearch@7241a47d]" started-at="2022-03-03T12:19:40Z" name="setUpBrowser" finished-at="2022-03-03T12:19:41Z" duration-ms="796" status="PASS">
          <params>
            <param index="0">
              <value>
                <![CDATA[chrome]]>
              </value>
            </param>
            <param index="1">
              <value>
                <![CDATA[false]]>
              </value>
            </param>
            <param index="2">
              <value>
                <![CDATA[0]]>
              </value>
            </param>
            <param index="3">
              <value>
                <![CDATA[0]]>
              </value>
            </param>
          </params>
          <reporter-output>
          </reporter-output>
        </test-method> <!-- setUpBrowser -->
        <test-method signature="testGameList()[pri:0, instance:xboxtestcases.GamertagSearch@7241a47d]" started-at="2022-03-03T12:19:41Z" name="testGameList" finished-at="2022-03-03T12:19:48Z" duration-ms="7367" status="PASS">
          <reporter-output>
          </reporter-output>
        </test-method> <!-- testGameList -->
        <test-method is-config="true" signature="tearDown()[pri:0, instance:xboxtestcases.GamertagSearch@7241a47d]" started-at="2022-03-03T12:19:48Z" name="tearDown" finished-at="2022-03-03T12:19:55Z" duration-ms="6152" status="PASS">
          <reporter-output>
          </reporter-output>
        </test-method> <!-- tearDown -->
      </class> <!-- xboxtestcases.GamertagSearch -->
      <class name="xboxtestcases.LeaderboardTest">
        <test-method is-config="true" signature="setUpBrowser(java.lang.String, java.lang.String, java.lang.String, java.lang.String)[pri:0, instance:xboxtestcases.LeaderboardTest@2445445a]" started-at="2022-03-03T12:19:29Z" name="setUpBrowser" finished-at="2022-03-03T12:19:31Z" duration-ms="1904" status="PASS">
          <params>
            <param index="0">
              <value>
                <![CDATA[chrome]]>
              </value>
            </param>
            <param index="1">
              <value>
                <![CDATA[false]]>
              </value>
            </param>
            <param index="2">
              <value>
                <![CDATA[0]]>
              </value>
            </param>
            <param index="3">
              <value>
                <![CDATA[0]]>
              </value>
            </param>
          </params>
          <reporter-output>
          </reporter-output>
        </test-method> <!-- setUpBrowser -->
        <test-method signature="testLeaderBoardPage()[pri:0, instance:xboxtestcases.LeaderboardTest@2445445a]" started-at="2022-03-03T12:19:31Z" name="testLeaderBoardPage" finished-at="2022-03-03T12:19:34Z" duration-ms="2815" status="PASS">
          <reporter-output>
          </reporter-output>
        </test-method> <!-- testLeaderBoardPage -->
        <test-method is-config="true" signature="tearDown()[pri:0, instance:xboxtestcases.LeaderboardTest@2445445a]" started-at="2022-03-03T12:19:34Z" name="tearDown" finished-at="2022-03-03T12:19:40Z" duration-ms="6208" status="PASS">
          <reporter-output>
          </reporter-output>
        </test-method> <!-- tearDown -->
      </class> <!-- xboxtestcases.LeaderboardTest -->
    </test> <!-- Default test -->
  </suite> <!-- Default suite -->
</testng-results>
